build/app/intermediates/manifest_merge_blame_file/debug/manifest-merger-blame-debug-report.txt
1<?xml version="1.0" encoding="utf-8"?>
2<manifest xmlns:android="http://schemas.android.com/apk/res/android"
3    package="com.suis.plant_disease_detector.plant_disease_detector"
4    android:versionCode="1"
5    android:versionName="1.0.0" >
6
7    <uses-sdk
8        android:minSdkVersion="19"
9        android:targetSdkVersion="33" />
10    <!--
11         Flutter needs it to communicate with the running application
12         to allow setting breakpoints, to provide hot reload, etc.
13    -->
14    <uses-permission android:name="android.permission.INTERNET" />
14-->src\debug\AndroidManifest.xml:6:5-66
14-->src\debug\AndroidManifest.xml:6:22-64
15
16    <permission
16-->[androidx.core:core:1.9.0] AndroidManifest.xml:22:5-24:47
17        android:name="com.suis.plant_disease_detector.plant_disease_detector.DYNAMIC_RECEIVER_NOT_EXPORTED_PERMISSION"
17-->[androidx.core:core:1.9.0] AndroidManifest.xml:23:9-81
18        android:protectionLevel="signature" />
18-->[androidx.core:core:1.9.0] AndroidManifest.xml:24:9-44
19
20    <uses-permission android:name="com.suis.plant_disease_detector.plant_disease_detector.DYNAMIC_RECEIVER_NOT_EXPORTED_PERMISSION" />
20-->[androidx.core:core:1.9.0] AndroidManifest.xml:26:5-97
20-->[androidx.core:core:1.9.0] AndroidManifest.xml:26:22-94
21
22    <application
23        android:name="android.app.Application"
24        android:appComponentFactory="androidx.core.app.CoreComponentFactory"
24-->[androidx.core:core:1.9.0] AndroidManifest.xml:28:18-86
25        android:debuggable="true"
26        android:icon="@mipmap/ic_launcher"
27        android:label="CONNECT" >
28        <activity
29            android:name="com.suis.plant_disease_detector.plant_disease_detector.MainActivity"
30            android:configChanges="orientation|keyboardHidden|keyboard|screenSize|smallestScreenSize|locale|layoutDirection|fontScale|screenLayout|density|uiMode"
31            android:exported="true"
32            android:hardwareAccelerated="true"
33            android:launchMode="singleTop"
34            android:theme="@style/LaunchTheme"
35            android:windowSoftInputMode="adjustResize" >
36            <meta-data
37                android:name="io.flutter.embedding.android.NormalTheme"
38                android:resource="@style/NormalTheme" />
39
40            <intent-filter>
41                <action android:name="android.intent.action.MAIN" />
42
43                <category android:name="android.intent.category.LAUNCHER" />
44            </intent-filter>
45        </activity>
46
47        <meta-data
48            android:name="flutterEmbedding"
49            android:value="2" />
50
51        <provider
51-->[:image_picker_android] AndroidManifest.xml:10:9-18:20
52            android:name="io.flutter.plugins.imagepicker.ImagePickerFileProvider"
52-->[:image_picker_android] AndroidManifest.xml:11:13-82
53            android:authorities="com.suis.plant_disease_detector.plant_disease_detector.flutter.image_provider"
53-->[:image_picker_android] AndroidManifest.xml:12:13-74
54            android:exported="false"
54-->[:image_picker_android] AndroidManifest.xml:13:13-37
55            android:grantUriPermissions="true" >
55-->[:image_picker_android] AndroidManifest.xml:14:13-47
56            <meta-data
56-->[:image_picker_android] AndroidManifest.xml:15:13-17:75
57                android:name="android.support.FILE_PROVIDER_PATHS"
57-->[:image_picker_android] AndroidManifest.xml:16:17-67
58                android:resource="@xml/flutter_image_picker_file_paths" />
58-->[:image_picker_android] AndroidManifest.xml:17:17-72
59        </provider>
60
61        <uses-library
61-->[androidx.window:window:1.0.0-beta04] AndroidManifest.xml:25:9-27:40
62            android:name="androidx.window.extensions"
62-->[androidx.window:window:1.0.0-beta04] AndroidManifest.xml:26:13-54
63            android:required="false" />
63-->[androidx.window:window:1.0.0-beta04] AndroidManifest.xml:27:13-37
64        <uses-library
64-->[androidx.window:window:1.0.0-beta04] AndroidManifest.xml:28:9-30:40
65            android:name="androidx.window.sidecar"
65-->[androidx.window:window:1.0.0-beta04] AndroidManifest.xml:29:13-51
66            android:required="false" />
66-->[androidx.window:window:1.0.0-beta04] AndroidManifest.xml:30:13-37
67    </application>
68
69</manifest>